{"contracts/Auction.sol":{"l":{"48":2,"52":9,"53":9,"54":9,"55":9,"61":1,"62":1,"67":8,"68":8,"70":8,"72":8,"85":8,"90":7,"91":7,"92":7,"93":7,"95":7,"96":7,"98":6,"100":6,"101":6,"102":6,"103":6,"104":6,"106":6,"111":1,"112":1,"113":1,"114":1,"116":1,"117":1,"119":1,"120":1,"122":1,"123":1,"124":1,"125":1,"126":1,"128":1,"132":7,"133":2,"134":2,"136":0,"142":2,"143":2,"144":2,"146":2,"148":2,"149":1,"150":1,"151":1,"153":0,"155":1,"157":1,"158":1,"164":1,"165":1,"166":1,"167":1,"168":1,"169":1,"173":0,"174":0,"175":0,"176":0,"180":8,"181":8,"182":8,"186":1,"187":1,"188":1,"189":1,"190":1,"191":1},"path":"/Users/payne/Documents/GitHub/solidity_project/net-auction-market/contracts/Auction.sol","s":{"1":2,"2":9,"3":9,"4":9,"5":1,"6":8,"7":8,"8":8,"9":7,"10":7,"11":7,"12":7,"13":7,"14":7,"15":6,"16":6,"17":1,"18":1,"19":1,"20":1,"21":1,"22":1,"23":1,"24":1,"25":1,"26":7,"27":5,"28":2,"29":0,"30":2,"31":2,"32":2,"33":2,"34":1,"35":1,"36":0,"37":1,"38":1,"39":1,"40":1,"41":1,"42":1,"43":1,"44":1,"45":0,"46":0,"47":0,"48":8,"49":8,"50":8,"51":1,"52":1,"53":1,"54":1,"55":1,"56":1},"b":{"1":[9,0],"2":[2,0],"3":[1,0],"4":[1,0],"5":[8,0],"6":[7,0],"7":[7,0],"8":[7,0],"9":[7,0],"10":[6,1],"11":[1,0],"12":[1,0],"13":[1,0],"14":[1,0],"15":[1,0],"16":[5,2],"17":[2,0],"18":[0,0],"19":[2,0],"20":[2,0],"21":[2,0],"22":[1,1],"23":[1,0],"24":[0,0],"25":[1,0],"26":[1,0],"27":[1,0],"28":[0,0],"29":[0,0],"30":[8,0],"31":[1,0],"32":[1,0]},"f":{"1":2,"2":9,"3":2,"4":1,"5":8,"6":7,"7":1,"8":7,"9":2,"10":1,"11":0,"12":8,"13":1},"fnMap":{"1":{"name":"constructor","line":47,"loc":{"start":{"line":47,"column":4},"end":{"line":49,"column":4}}},"2":{"name":"initialize","line":51,"loc":{"start":{"line":51,"column":4},"end":{"line":56,"column":4}}},"3":{"name":"_authorizeUpgrade","line":58,"loc":{"start":{"line":58,"column":4},"end":{"line":58,"column":87}}},"4":{"name":"setERC20PriceFeed","line":60,"loc":{"start":{"line":60,"column":4},"end":{"line":63,"column":4}}},"5":{"name":"createAuction","line":66,"loc":{"start":{"line":66,"column":4},"end":{"line":86,"column":4}}},"6":{"name":"bid","line":89,"loc":{"start":{"line":89,"column":4},"end":{"line":107,"column":4}}},"7":{"name":"bidWithERC20","line":110,"loc":{"start":{"line":110,"column":4},"end":{"line":129,"column":4}}},"8":{"name":"_refundPreviousBid","line":131,"loc":{"start":{"line":131,"column":4},"end":{"line":138,"column":4}}},"9":{"name":"endAuction","line":141,"loc":{"start":{"line":141,"column":4},"end":{"line":160,"column":4}}},"10":{"name":"withdraw","line":163,"loc":{"start":{"line":163,"column":4},"end":{"line":170,"column":4}}},"11":{"name":"withdrawERC20","line":172,"loc":{"start":{"line":172,"column":4},"end":{"line":177,"column":4}}},"12":{"name":"ethToUsd","line":179,"loc":{"start":{"line":179,"column":4},"end":{"line":183,"column":4}}},"13":{"name":"erc20ToUsd","line":185,"loc":{"start":{"line":185,"column":4},"end":{"line":192,"column":4}}}},"statementMap":{"1":{"start":{"line":48,"column":8},"end":{"line":48,"column":29}},"2":{"start":{"line":52,"column":8},"end":{"line":52,"column":33}},"3":{"start":{"line":53,"column":8},"end":{"line":53,"column":31}},"4":{"start":{"line":54,"column":8},"end":{"line":54,"column":31}},"5":{"start":{"line":61,"column":8},"end":{"line":61,"column":74}},"6":{"start":{"line":67,"column":8},"end":{"line":67,"column":52}},"7":{"start":{"line":70,"column":8},"end":{"line":70,"column":68}},"8":{"start":{"line":85,"column":8},"end":{"line":85,"column":87}},"9":{"start":{"line":90,"column":8},"end":{"line":90,"column":57}},"10":{"start":{"line":91,"column":8},"end":{"line":91,"column":66}},"11":{"start":{"line":92,"column":8},"end":{"line":92,"column":47}},"12":{"start":{"line":93,"column":8},"end":{"line":93,"column":65}},"13":{"start":{"line":95,"column":8},"end":{"line":95,"column":46}},"14":{"start":{"line":96,"column":8},"end":{"line":96,"column":63}},"15":{"start":{"line":98,"column":8},"end":{"line":98,"column":34}},"16":{"start":{"line":106,"column":8},"end":{"line":106,"column":55}},"17":{"start":{"line":111,"column":8},"end":{"line":111,"column":57}},"18":{"start":{"line":112,"column":8},"end":{"line":112,"column":66}},"19":{"start":{"line":113,"column":8},"end":{"line":113,"column":47}},"20":{"start":{"line":114,"column":8},"end":{"line":114,"column":65}},"21":{"start":{"line":116,"column":8},"end":{"line":116,"column":52}},"22":{"start":{"line":117,"column":8},"end":{"line":117,"column":63}},"23":{"start":{"line":119,"column":8},"end":{"line":119,"column":72}},"24":{"start":{"line":120,"column":8},"end":{"line":120,"column":34}},"25":{"start":{"line":128,"column":8},"end":{"line":128,"column":55}},"26":{"start":{"line":132,"column":8},"end":{"line":132,"column":55}},"27":{"start":{"line":132,"column":49},"end":{"line":132,"column":55}},"28":{"start":{"line":133,"column":8},"end":{"line":133,"column":5094}},"29":{"start":{"line":135,"column":15},"end":{"line":135,"column":5218}},"30":{"start":{"line":142,"column":8},"end":{"line":142,"column":57}},"31":{"start":{"line":143,"column":8},"end":{"line":143,"column":63}},"32":{"start":{"line":144,"column":8},"end":{"line":144,"column":47}},"33":{"start":{"line":148,"column":8},"end":{"line":148,"column":5672}},"34":{"start":{"line":149,"column":12},"end":{"line":149,"column":99}},"35":{"start":{"line":150,"column":12},"end":{"line":150,"column":5833}},"36":{"start":{"line":152,"column":19},"end":{"line":152,"column":5958}},"37":{"start":{"line":155,"column":12},"end":{"line":155,"column":86}},"38":{"start":{"line":157,"column":12},"end":{"line":157,"column":92}},"39":{"start":{"line":158,"column":12},"end":{"line":158,"column":55}},"40":{"start":{"line":164,"column":8},"end":{"line":164,"column":51}},"41":{"start":{"line":165,"column":8},"end":{"line":165,"column":38}},"42":{"start":{"line":167,"column":8},"end":{"line":167,"column":56}},"43":{"start":{"line":168,"column":8},"end":{"line":168,"column":37}},"44":{"start":{"line":169,"column":8},"end":{"line":169,"column":41}},"45":{"start":{"line":173,"column":8},"end":{"line":173,"column":63}},"46":{"start":{"line":174,"column":8},"end":{"line":174,"column":38}},"47":{"start":{"line":176,"column":8},"end":{"line":176,"column":53}},"48":{"start":{"line":180,"column":8},"end":{"line":180,"column":60}},"49":{"start":{"line":181,"column":8},"end":{"line":181,"column":42}},"50":{"start":{"line":182,"column":8},"end":{"line":182,"column":50}},"51":{"start":{"line":186,"column":8},"end":{"line":186,"column":82}},"52":{"start":{"line":187,"column":8},"end":{"line":187,"column":59}},"53":{"start":{"line":188,"column":8},"end":{"line":188,"column":52}},"54":{"start":{"line":189,"column":8},"end":{"line":189,"column":42}},"55":{"start":{"line":190,"column":8},"end":{"line":190,"column":62}},"56":{"start":{"line":191,"column":8},"end":{"line":191,"column":64}}},"branchMap":{"1":{"line":51,"type":"if","locations":[{"start":{"line":51,"column":54},"end":{"line":51,"column":54}},{"start":{"line":51,"column":54},"end":{"line":51,"column":54}}]},"2":{"line":58,"type":"if","locations":[{"start":{"line":58,"column":76},"end":{"line":58,"column":76}},{"start":{"line":58,"column":76},"end":{"line":58,"column":76}}]},"3":{"line":60,"type":"if","locations":[{"start":{"line":60,"column":69},"end":{"line":60,"column":69}},{"start":{"line":60,"column":69},"end":{"line":60,"column":69}}]},"4":{"line":61,"type":"if","locations":[{"start":{"line":61,"column":8},"end":{"line":61,"column":8}},{"start":{"line":61,"column":8},"end":{"line":61,"column":8}}]},"5":{"line":67,"type":"if","locations":[{"start":{"line":67,"column":8},"end":{"line":67,"column":8}},{"start":{"line":67,"column":8},"end":{"line":67,"column":8}}]},"6":{"line":89,"type":"if","locations":[{"start":{"line":89,"column":59},"end":{"line":89,"column":59}},{"start":{"line":89,"column":59},"end":{"line":89,"column":59}}]},"7":{"line":91,"type":"if","locations":[{"start":{"line":91,"column":8},"end":{"line":91,"column":8}},{"start":{"line":91,"column":8},"end":{"line":91,"column":8}}]},"8":{"line":92,"type":"if","locations":[{"start":{"line":92,"column":8},"end":{"line":92,"column":8}},{"start":{"line":92,"column":8},"end":{"line":92,"column":8}}]},"9":{"line":93,"type":"if","locations":[{"start":{"line":93,"column":8},"end":{"line":93,"column":8}},{"start":{"line":93,"column":8},"end":{"line":93,"column":8}}]},"10":{"line":96,"type":"if","locations":[{"start":{"line":96,"column":8},"end":{"line":96,"column":8}},{"start":{"line":96,"column":8},"end":{"line":96,"column":8}}]},"11":{"line":110,"type":"if","locations":[{"start":{"line":110,"column":91},"end":{"line":110,"column":91}},{"start":{"line":110,"column":91},"end":{"line":110,"column":91}}]},"12":{"line":112,"type":"if","locations":[{"start":{"line":112,"column":8},"end":{"line":112,"column":8}},{"start":{"line":112,"column":8},"end":{"line":112,"column":8}}]},"13":{"line":113,"type":"if","locations":[{"start":{"line":113,"column":8},"end":{"line":113,"column":8}},{"start":{"line":113,"column":8},"end":{"line":113,"column":8}}]},"14":{"line":114,"type":"if","locations":[{"start":{"line":114,"column":8},"end":{"line":114,"column":8}},{"start":{"line":114,"column":8},"end":{"line":114,"column":8}}]},"15":{"line":117,"type":"if","locations":[{"start":{"line":117,"column":8},"end":{"line":117,"column":8}},{"start":{"line":117,"column":8},"end":{"line":117,"column":8}}]},"16":{"line":132,"type":"if","locations":[{"start":{"line":132,"column":8},"end":{"line":132,"column":8}},{"start":{"line":132,"column":8},"end":{"line":132,"column":8}}]},"17":{"line":133,"type":"if","locations":[{"start":{"line":133,"column":8},"end":{"line":133,"column":8}},{"start":{"line":133,"column":8},"end":{"line":133,"column":8}}]},"18":{"line":135,"type":"if","locations":[{"start":{"line":135,"column":15},"end":{"line":135,"column":15}},{"start":{"line":135,"column":15},"end":{"line":135,"column":15}}]},"19":{"line":141,"type":"if","locations":[{"start":{"line":141,"column":52},"end":{"line":141,"column":52}},{"start":{"line":141,"column":52},"end":{"line":141,"column":52}}]},"20":{"line":143,"type":"if","locations":[{"start":{"line":143,"column":8},"end":{"line":143,"column":8}},{"start":{"line":143,"column":8},"end":{"line":143,"column":8}}]},"21":{"line":144,"type":"if","locations":[{"start":{"line":144,"column":8},"end":{"line":144,"column":8}},{"start":{"line":144,"column":8},"end":{"line":144,"column":8}}]},"22":{"line":148,"type":"if","locations":[{"start":{"line":148,"column":8},"end":{"line":148,"column":8}},{"start":{"line":148,"column":8},"end":{"line":148,"column":8}}]},"23":{"line":150,"type":"if","locations":[{"start":{"line":150,"column":12},"end":{"line":150,"column":12}},{"start":{"line":150,"column":12},"end":{"line":150,"column":12}}]},"24":{"line":152,"type":"if","locations":[{"start":{"line":152,"column":19},"end":{"line":152,"column":19}},{"start":{"line":152,"column":19},"end":{"line":152,"column":19}}]},"25":{"line":163,"type":"if","locations":[{"start":{"line":163,"column":33},"end":{"line":163,"column":33}},{"start":{"line":163,"column":33},"end":{"line":163,"column":33}}]},"26":{"line":165,"type":"if","locations":[{"start":{"line":165,"column":8},"end":{"line":165,"column":8}},{"start":{"line":165,"column":8},"end":{"line":165,"column":8}}]},"27":{"line":168,"type":"if","locations":[{"start":{"line":168,"column":8},"end":{"line":168,"column":8}},{"start":{"line":168,"column":8},"end":{"line":168,"column":8}}]},"28":{"line":172,"type":"if","locations":[{"start":{"line":172,"column":51},"end":{"line":172,"column":51}},{"start":{"line":172,"column":51},"end":{"line":172,"column":51}}]},"29":{"line":174,"type":"if","locations":[{"start":{"line":174,"column":8},"end":{"line":174,"column":8}},{"start":{"line":174,"column":8},"end":{"line":174,"column":8}}]},"30":{"line":181,"type":"if","locations":[{"start":{"line":181,"column":8},"end":{"line":181,"column":8}},{"start":{"line":181,"column":8},"end":{"line":181,"column":8}}]},"31":{"line":186,"type":"if","locations":[{"start":{"line":186,"column":8},"end":{"line":186,"column":8}},{"start":{"line":186,"column":8},"end":{"line":186,"column":8}}]},"32":{"line":189,"type":"if","locations":[{"start":{"line":189,"column":8},"end":{"line":189,"column":8}},{"start":{"line":189,"column":8},"end":{"line":189,"column":8}}]}}},"contracts/AuctionV2.sol":{"l":{"14":2,"19":0,"24":1,"26":1,"29":0,"37":0,"38":0,"40":0,"45":1},"path":"/Users/payne/Documents/GitHub/solidity_project/net-auction-market/contracts/AuctionV2.sol","s":{"1":1,"2":1,"3":0,"4":0,"5":0,"6":0,"7":1},"b":{"1":[2,0],"2":[2,0],"3":[0,0],"4":[0,1],"5":[0,0]},"f":{"1":2,"2":0,"3":1,"4":0,"5":1},"fnMap":{"1":{"name":"initializeV2","line":13,"loc":{"start":{"line":13,"column":4},"end":{"line":15,"column":4}}},"2":{"name":"setMinBidUsd","line":18,"loc":{"start":{"line":18,"column":4},"end":{"line":20,"column":4}}},"3":{"name":"bid","line":23,"loc":{"start":{"line":23,"column":4},"end":{"line":30,"column":4}}},"4":{"name":"bidWithERC20","line":32,"loc":{"start":{"line":32,"column":4},"end":{"line":41,"column":4}}},"5":{"name":"version","line":44,"loc":{"start":{"line":44,"column":4},"end":{"line":46,"column":4}}}},"statementMap":{"1":{"start":{"line":24,"column":8},"end":{"line":24,"column":46}},"2":{"start":{"line":26,"column":8},"end":{"line":26,"column":54}},"3":{"start":{"line":29,"column":8},"end":{"line":29,"column":27}},"4":{"start":{"line":37,"column":8},"end":{"line":37,"column":52}},"5":{"start":{"line":38,"column":8},"end":{"line":38,"column":54}},"6":{"start":{"line":40,"column":8},"end":{"line":40,"column":51}},"7":{"start":{"line":45,"column":8},"end":{"line":45,"column":27}}},"branchMap":{"1":{"line":13,"type":"if","locations":[{"start":{"line":13,"column":55},"end":{"line":13,"column":55}},{"start":{"line":13,"column":55},"end":{"line":13,"column":55}}]},"2":{"line":13,"type":"if","locations":[{"start":{"line":13,"column":72},"end":{"line":13,"column":72}},{"start":{"line":13,"column":72},"end":{"line":13,"column":72}}]},"3":{"line":18,"type":"if","locations":[{"start":{"line":18,"column":55},"end":{"line":18,"column":55}},{"start":{"line":18,"column":55},"end":{"line":18,"column":55}}]},"4":{"line":26,"type":"if","locations":[{"start":{"line":26,"column":8},"end":{"line":26,"column":8}},{"start":{"line":26,"column":8},"end":{"line":26,"column":8}}]},"5":{"line":38,"type":"if","locations":[{"start":{"line":38,"column":8},"end":{"line":38,"column":8}},{"start":{"line":38,"column":8},"end":{"line":38,"column":8}}]}}},"contracts/MockERC20.sol":{"l":{"11":9},"path":"/Users/payne/Documents/GitHub/solidity_project/net-auction-market/contracts/MockERC20.sol","s":{"1":9},"b":{},"f":{"1":9},"fnMap":{"1":{"name":"constructor","line":10,"loc":{"start":{"line":7,"column":4},"end":{"line":12,"column":4}}}},"statementMap":{"1":{"start":{"line":11,"column":8},"end":{"line":11,"column":32}}},"branchMap":{}},"contracts/MockV3Aggregator.sol":{"l":{"11":10,"12":10,"16":0,"20":0,"24":0,"33":9,"42":0,"46":0},"path":"/Users/payne/Documents/GitHub/solidity_project/net-auction-market/contracts/MockV3Aggregator.sol","s":{"1":0,"2":0,"3":0,"4":9,"5":0},"b":{},"f":{"1":10,"2":0,"3":0,"4":0,"5":9,"6":0,"7":0},"fnMap":{"1":{"name":"constructor","line":10,"loc":{"start":{"line":10,"column":4},"end":{"line":13,"column":4}}},"2":{"name":"decimals","line":15,"loc":{"start":{"line":15,"column":4},"end":{"line":17,"column":4}}},"3":{"name":"description","line":19,"loc":{"start":{"line":19,"column":4},"end":{"line":21,"column":4}}},"4":{"name":"version","line":23,"loc":{"start":{"line":23,"column":4},"end":{"line":25,"column":4}}},"5":{"name":"latestRoundData","line":27,"loc":{"start":{"line":27,"column":4},"end":{"line":34,"column":4}}},"6":{"name":"getRoundData","line":36,"loc":{"start":{"line":36,"column":4},"end":{"line":43,"column":4}}},"7":{"name":"updatePrice","line":45,"loc":{"start":{"line":45,"column":4},"end":{"line":47,"column":4}}}},"statementMap":{"1":{"start":{"line":16,"column":8},"end":{"line":16,"column":24}},"2":{"start":{"line":20,"column":8},"end":{"line":20,"column":33}},"3":{"start":{"line":24,"column":8},"end":{"line":24,"column":16}},"4":{"start":{"line":33,"column":8},"end":{"line":33,"column":35}},"5":{"start":{"line":42,"column":8},"end":{"line":42,"column":35}}},"branchMap":{}},"contracts/XMNFT.sol":{"l":{"13":9,"14":9,"16":9,"17":9},"path":"/Users/payne/Documents/GitHub/solidity_project/net-auction-market/contracts/XMNFT.sol","s":{"1":9,"2":9,"3":9},"b":{"1":[9,1]},"f":{"1":11,"2":9},"fnMap":{"1":{"name":"constructor","line":10,"loc":{"start":{"line":10,"column":4},"end":{"line":10,"column":64}}},"2":{"name":"mint","line":12,"loc":{"start":{"line":12,"column":4},"end":{"line":18,"column":4}}}},"statementMap":{"1":{"start":{"line":13,"column":8},"end":{"line":13,"column":38}},"2":{"start":{"line":16,"column":8},"end":{"line":16,"column":29}},"3":{"start":{"line":17,"column":8},"end":{"line":17,"column":22}}},"branchMap":{"1":{"line":12,"type":"if","locations":[{"start":{"line":12,"column":39},"end":{"line":12,"column":39}},{"start":{"line":12,"column":39},"end":{"line":12,"column":39}}]}}}}