{"contracts/Auction.sol":{"l":{"50":23,"51":23,"64":22,"65":22,"66":22,"75":21,"77":21,"79":21,"85":21,"101":16,"103":16,"104":15,"105":15,"106":15,"108":15,"109":14,"111":13,"113":13,"114":13,"115":13,"116":13,"117":13,"126":9,"128":9,"129":9,"130":9,"131":9,"133":9,"134":9,"137":9,"138":9,"141":9,"142":9,"143":9,"144":9,"145":9,"149":22,"152":8,"153":4,"155":4,"161":1,"163":1,"164":1,"166":1,"168":1,"169":1,"175":1,"176":1,"178":0,"181":0,"191":0,"192":0,"194":0,"195":0,"196":0,"201":0,"202":0,"204":0,"206":0,"210":22,"211":22,"213":21,"214":21,"221":13,"223":13,"224":13,"225":13,"227":13,"234":13},"path":"/Users/payne/Documents/GitHub/solidity_project/net-auction-market/contracts/Auction.sol","s":{"1":23,"2":22,"3":22,"4":21,"5":21,"6":16,"7":16,"8":15,"9":15,"10":15,"11":15,"12":14,"13":13,"14":9,"15":9,"16":9,"17":9,"18":9,"19":9,"20":9,"21":9,"22":9,"23":22,"24":14,"25":8,"26":4,"27":1,"28":1,"29":1,"30":1,"31":1,"32":1,"33":0,"34":0,"35":0,"36":0,"37":0,"38":0,"39":0,"40":0,"41":0,"42":22,"43":22,"44":21,"45":21,"46":13,"47":13,"48":13,"49":13,"50":13,"51":13},"b":{"1":[23,0],"2":[10,0],"3":[22,0],"4":[22,0],"5":[22,0],"6":[21,0],"7":[15,1],"8":[15,0],"9":[15,0],"10":[15,0],"11":[13,1],"12":[9,0],"13":[9,0],"14":[9,0],"15":[9,0],"16":[9,0],"17":[14,8],"18":[4,4],"19":[4,0],"20":[1,0],"21":[1,0],"22":[1,0],"23":[1,0],"24":[0,0],"25":[0,0],"26":[0,0],"27":[0,0],"28":[21,1],"29":[13,0],"30":[13,0]},"f":{"1":23,"2":10,"3":22,"4":21,"5":16,"6":9,"7":22,"8":1,"9":0,"10":0,"11":22,"12":13},"fnMap":{"1":{"name":"initialize","line":49,"loc":{"start":{"line":49,"column":4},"end":{"line":52,"column":4}}},"2":{"name":"_authorizeUpgrade","line":57,"loc":{"start":{"line":54,"column":4},"end":{"line":58,"column":5}}},"3":{"name":"setERC20PriceFeed","line":63,"loc":{"start":{"line":60,"column":4},"end":{"line":67,"column":4}}},"4":{"name":"createAuction","line":70,"loc":{"start":{"line":70,"column":4},"end":{"line":97,"column":4}}},"5":{"name":"bid","line":100,"loc":{"start":{"line":100,"column":4},"end":{"line":118,"column":4}}},"6":{"name":"bidWithERC20","line":121,"loc":{"start":{"line":121,"column":4},"end":{"line":146,"column":4}}},"7":{"name":"_refundPreviousBid","line":148,"loc":{"start":{"line":148,"column":4},"end":{"line":157,"column":4}}},"8":{"name":"endAuction","line":160,"loc":{"start":{"line":160,"column":4},"end":{"line":187,"column":4}}},"9":{"name":"withdraw","line":190,"loc":{"start":{"line":190,"column":4},"end":{"line":197,"column":4}}},"10":{"name":"withdrawERC20","line":200,"loc":{"start":{"line":200,"column":4},"end":{"line":207,"column":4}}},"11":{"name":"ethToUsd","line":209,"loc":{"start":{"line":209,"column":4},"end":{"line":215,"column":4}}},"12":{"name":"erc20ToUsd","line":217,"loc":{"start":{"line":217,"column":4},"end":{"line":235,"column":4}}}},"statementMap":{"1":{"start":{"line":50,"column":8},"end":{"line":50,"column":33}},"2":{"start":{"line":64,"column":8},"end":{"line":64,"column":52}},"3":{"start":{"line":65,"column":8},"end":{"line":65,"column":50}},"4":{"start":{"line":75,"column":8},"end":{"line":75,"column":52}},"5":{"start":{"line":79,"column":8},"end":{"line":79,"column":2601}},"6":{"start":{"line":101,"column":8},"end":{"line":101,"column":57}},"7":{"start":{"line":103,"column":8},"end":{"line":103,"column":66}},"8":{"start":{"line":104,"column":8},"end":{"line":104,"column":47}},"9":{"start":{"line":105,"column":8},"end":{"line":105,"column":65}},"10":{"start":{"line":106,"column":8},"end":{"line":106,"column":44}},"11":{"start":{"line":108,"column":8},"end":{"line":108,"column":46}},"12":{"start":{"line":109,"column":8},"end":{"line":109,"column":63}},"13":{"start":{"line":111,"column":8},"end":{"line":111,"column":34}},"14":{"start":{"line":126,"column":8},"end":{"line":126,"column":57}},"15":{"start":{"line":128,"column":8},"end":{"line":128,"column":66}},"16":{"start":{"line":129,"column":8},"end":{"line":129,"column":47}},"17":{"start":{"line":130,"column":8},"end":{"line":130,"column":65}},"18":{"start":{"line":131,"column":8},"end":{"line":131,"column":40}},"19":{"start":{"line":133,"column":8},"end":{"line":133,"column":52}},"20":{"start":{"line":134,"column":8},"end":{"line":134,"column":63}},"21":{"start":{"line":137,"column":8},"end":{"line":137,"column":72}},"22":{"start":{"line":138,"column":8},"end":{"line":138,"column":34}},"23":{"start":{"line":149,"column":8},"end":{"line":149,"column":55}},"24":{"start":{"line":149,"column":49},"end":{"line":149,"column":55}},"25":{"start":{"line":152,"column":8},"end":{"line":152,"column":4929}},"26":{"start":{"line":154,"column":15},"end":{"line":154,"column":5053}},"27":{"start":{"line":161,"column":8},"end":{"line":161,"column":57}},"28":{"start":{"line":163,"column":8},"end":{"line":163,"column":63}},"29":{"start":{"line":164,"column":8},"end":{"line":164,"column":47}},"30":{"start":{"line":168,"column":8},"end":{"line":168,"column":5495}},"31":{"start":{"line":169,"column":12},"end":{"line":169,"column":5554}},"32":{"start":{"line":175,"column":12},"end":{"line":175,"column":5743}},"33":{"start":{"line":177,"column":19},"end":{"line":177,"column":5868}},"34":{"start":{"line":181,"column":12},"end":{"line":181,"column":6051}},"35":{"start":{"line":191,"column":8},"end":{"line":191,"column":51}},"36":{"start":{"line":192,"column":8},"end":{"line":192,"column":38}},"37":{"start":{"line":195,"column":8},"end":{"line":195,"column":56}},"38":{"start":{"line":196,"column":8},"end":{"line":196,"column":37}},"39":{"start":{"line":201,"column":8},"end":{"line":201,"column":63}},"40":{"start":{"line":202,"column":8},"end":{"line":202,"column":38}},"41":{"start":{"line":206,"column":8},"end":{"line":206,"column":53}},"42":{"start":{"line":210,"column":8},"end":{"line":210,"column":60}},"43":{"start":{"line":211,"column":8},"end":{"line":211,"column":42}},"44":{"start":{"line":213,"column":8},"end":{"line":213,"column":52}},"45":{"start":{"line":214,"column":8},"end":{"line":214,"column":66}},"46":{"start":{"line":221,"column":8},"end":{"line":221,"column":82}},"47":{"start":{"line":223,"column":8},"end":{"line":223,"column":59}},"48":{"start":{"line":224,"column":8},"end":{"line":224,"column":52}},"49":{"start":{"line":225,"column":8},"end":{"line":225,"column":42}},"50":{"start":{"line":227,"column":8},"end":{"line":227,"column":44}},"51":{"start":{"line":234,"column":8},"end":{"line":234,"column":63}}},"branchMap":{"1":{"line":49,"type":"if","locations":[{"start":{"line":49,"column":54},"end":{"line":49,"column":54}},{"start":{"line":49,"column":54},"end":{"line":49,"column":54}}]},"2":{"line":57,"type":"if","locations":[{"start":{"line":57,"column":8},"end":{"line":57,"column":8}},{"start":{"line":57,"column":8},"end":{"line":57,"column":8}}]},"3":{"line":63,"type":"if","locations":[{"start":{"line":63,"column":15},"end":{"line":63,"column":15}},{"start":{"line":63,"column":15},"end":{"line":63,"column":15}}]},"4":{"line":64,"type":"if","locations":[{"start":{"line":64,"column":8},"end":{"line":64,"column":8}},{"start":{"line":64,"column":8},"end":{"line":64,"column":8}}]},"5":{"line":65,"type":"if","locations":[{"start":{"line":65,"column":8},"end":{"line":65,"column":8}},{"start":{"line":65,"column":8},"end":{"line":65,"column":8}}]},"6":{"line":75,"type":"if","locations":[{"start":{"line":75,"column":8},"end":{"line":75,"column":8}},{"start":{"line":75,"column":8},"end":{"line":75,"column":8}}]},"7":{"line":103,"type":"if","locations":[{"start":{"line":103,"column":8},"end":{"line":103,"column":8}},{"start":{"line":103,"column":8},"end":{"line":103,"column":8}}]},"8":{"line":104,"type":"if","locations":[{"start":{"line":104,"column":8},"end":{"line":104,"column":8}},{"start":{"line":104,"column":8},"end":{"line":104,"column":8}}]},"9":{"line":105,"type":"if","locations":[{"start":{"line":105,"column":8},"end":{"line":105,"column":8}},{"start":{"line":105,"column":8},"end":{"line":105,"column":8}}]},"10":{"line":106,"type":"if","locations":[{"start":{"line":106,"column":8},"end":{"line":106,"column":8}},{"start":{"line":106,"column":8},"end":{"line":106,"column":8}}]},"11":{"line":109,"type":"if","locations":[{"start":{"line":109,"column":8},"end":{"line":109,"column":8}},{"start":{"line":109,"column":8},"end":{"line":109,"column":8}}]},"12":{"line":128,"type":"if","locations":[{"start":{"line":128,"column":8},"end":{"line":128,"column":8}},{"start":{"line":128,"column":8},"end":{"line":128,"column":8}}]},"13":{"line":129,"type":"if","locations":[{"start":{"line":129,"column":8},"end":{"line":129,"column":8}},{"start":{"line":129,"column":8},"end":{"line":129,"column":8}}]},"14":{"line":130,"type":"if","locations":[{"start":{"line":130,"column":8},"end":{"line":130,"column":8}},{"start":{"line":130,"column":8},"end":{"line":130,"column":8}}]},"15":{"line":131,"type":"if","locations":[{"start":{"line":131,"column":8},"end":{"line":131,"column":8}},{"start":{"line":131,"column":8},"end":{"line":131,"column":8}}]},"16":{"line":134,"type":"if","locations":[{"start":{"line":134,"column":8},"end":{"line":134,"column":8}},{"start":{"line":134,"column":8},"end":{"line":134,"column":8}}]},"17":{"line":149,"type":"if","locations":[{"start":{"line":149,"column":8},"end":{"line":149,"column":8}},{"start":{"line":149,"column":8},"end":{"line":149,"column":8}}]},"18":{"line":152,"type":"if","locations":[{"start":{"line":152,"column":8},"end":{"line":152,"column":8}},{"start":{"line":152,"column":8},"end":{"line":152,"column":8}}]},"19":{"line":154,"type":"if","locations":[{"start":{"line":154,"column":15},"end":{"line":154,"column":15}},{"start":{"line":154,"column":15},"end":{"line":154,"column":15}}]},"20":{"line":163,"type":"if","locations":[{"start":{"line":163,"column":8},"end":{"line":163,"column":8}},{"start":{"line":163,"column":8},"end":{"line":163,"column":8}}]},"21":{"line":164,"type":"if","locations":[{"start":{"line":164,"column":8},"end":{"line":164,"column":8}},{"start":{"line":164,"column":8},"end":{"line":164,"column":8}}]},"22":{"line":168,"type":"if","locations":[{"start":{"line":168,"column":8},"end":{"line":168,"column":8}},{"start":{"line":168,"column":8},"end":{"line":168,"column":8}}]},"23":{"line":175,"type":"if","locations":[{"start":{"line":175,"column":12},"end":{"line":175,"column":12}},{"start":{"line":175,"column":12},"end":{"line":175,"column":12}}]},"24":{"line":177,"type":"if","locations":[{"start":{"line":177,"column":19},"end":{"line":177,"column":19}},{"start":{"line":177,"column":19},"end":{"line":177,"column":19}}]},"25":{"line":192,"type":"if","locations":[{"start":{"line":192,"column":8},"end":{"line":192,"column":8}},{"start":{"line":192,"column":8},"end":{"line":192,"column":8}}]},"26":{"line":196,"type":"if","locations":[{"start":{"line":196,"column":8},"end":{"line":196,"column":8}},{"start":{"line":196,"column":8},"end":{"line":196,"column":8}}]},"27":{"line":202,"type":"if","locations":[{"start":{"line":202,"column":8},"end":{"line":202,"column":8}},{"start":{"line":202,"column":8},"end":{"line":202,"column":8}}]},"28":{"line":211,"type":"if","locations":[{"start":{"line":211,"column":8},"end":{"line":211,"column":8}},{"start":{"line":211,"column":8},"end":{"line":211,"column":8}}]},"29":{"line":221,"type":"if","locations":[{"start":{"line":221,"column":8},"end":{"line":221,"column":8}},{"start":{"line":221,"column":8},"end":{"line":221,"column":8}}]},"30":{"line":225,"type":"if","locations":[{"start":{"line":225,"column":8},"end":{"line":225,"column":8}},{"start":{"line":225,"column":8},"end":{"line":225,"column":8}}]}}},"contracts/AuctionV2.sol":{"l":{"14":10,"19":0,"24":7,"26":7,"29":4,"37":4,"38":4,"40":2,"45":1},"path":"/Users/payne/Documents/GitHub/solidity_project/net-auction-market/contracts/AuctionV2.sol","s":{"1":7,"2":7,"3":4,"4":4,"5":4,"6":2,"7":1},"b":{"1":[10,0],"2":[10,0],"3":[0,0],"4":[4,3],"5":[2,2]},"f":{"1":10,"2":0,"3":7,"4":4,"5":1},"fnMap":{"1":{"name":"initializeV2","line":13,"loc":{"start":{"line":13,"column":4},"end":{"line":15,"column":4}}},"2":{"name":"setMinBidUsd","line":18,"loc":{"start":{"line":18,"column":4},"end":{"line":20,"column":4}}},"3":{"name":"bid","line":23,"loc":{"start":{"line":23,"column":4},"end":{"line":30,"column":4}}},"4":{"name":"bidWithERC20","line":32,"loc":{"start":{"line":32,"column":4},"end":{"line":41,"column":4}}},"5":{"name":"version","line":44,"loc":{"start":{"line":44,"column":4},"end":{"line":46,"column":4}}}},"statementMap":{"1":{"start":{"line":24,"column":8},"end":{"line":24,"column":46}},"2":{"start":{"line":26,"column":8},"end":{"line":26,"column":54}},"3":{"start":{"line":29,"column":8},"end":{"line":29,"column":27}},"4":{"start":{"line":37,"column":8},"end":{"line":37,"column":52}},"5":{"start":{"line":38,"column":8},"end":{"line":38,"column":54}},"6":{"start":{"line":40,"column":8},"end":{"line":40,"column":51}},"7":{"start":{"line":45,"column":8},"end":{"line":45,"column":27}}},"branchMap":{"1":{"line":13,"type":"if","locations":[{"start":{"line":13,"column":55},"end":{"line":13,"column":55}},{"start":{"line":13,"column":55},"end":{"line":13,"column":55}}]},"2":{"line":13,"type":"if","locations":[{"start":{"line":13,"column":72},"end":{"line":13,"column":72}},{"start":{"line":13,"column":72},"end":{"line":13,"column":72}}]},"3":{"line":18,"type":"if","locations":[{"start":{"line":18,"column":55},"end":{"line":18,"column":55}},{"start":{"line":18,"column":55},"end":{"line":18,"column":55}}]},"4":{"line":26,"type":"if","locations":[{"start":{"line":26,"column":8},"end":{"line":26,"column":8}},{"start":{"line":26,"column":8},"end":{"line":26,"column":8}}]},"5":{"line":38,"type":"if","locations":[{"start":{"line":38,"column":8},"end":{"line":38,"column":8}},{"start":{"line":38,"column":8},"end":{"line":38,"column":8}}]}}},"contracts/MockERC20.sol":{"l":{"11":22},"path":"/Users/payne/Documents/GitHub/solidity_project/net-auction-market/contracts/MockERC20.sol","s":{"1":22},"b":{},"f":{"1":22},"fnMap":{"1":{"name":"constructor","line":10,"loc":{"start":{"line":7,"column":4},"end":{"line":12,"column":4}}}},"statementMap":{"1":{"start":{"line":11,"column":8},"end":{"line":11,"column":32}}},"branchMap":{}},"contracts/MockV3Aggregator.sol":{"l":{"11":49,"12":49,"16":36,"20":0,"24":0,"33":39,"42":0,"46":0},"path":"/Users/payne/Documents/GitHub/solidity_project/net-auction-market/contracts/MockV3Aggregator.sol","s":{"1":36,"2":0,"3":0,"4":39,"5":0},"b":{},"f":{"1":49,"2":36,"3":0,"4":0,"5":39,"6":0,"7":0},"fnMap":{"1":{"name":"constructor","line":10,"loc":{"start":{"line":10,"column":4},"end":{"line":13,"column":4}}},"2":{"name":"decimals","line":15,"loc":{"start":{"line":15,"column":4},"end":{"line":17,"column":4}}},"3":{"name":"description","line":19,"loc":{"start":{"line":19,"column":4},"end":{"line":21,"column":4}}},"4":{"name":"version","line":23,"loc":{"start":{"line":23,"column":4},"end":{"line":25,"column":4}}},"5":{"name":"latestRoundData","line":27,"loc":{"start":{"line":27,"column":4},"end":{"line":34,"column":4}}},"6":{"name":"getRoundData","line":36,"loc":{"start":{"line":36,"column":4},"end":{"line":43,"column":4}}},"7":{"name":"updatePrice","line":45,"loc":{"start":{"line":45,"column":4},"end":{"line":47,"column":4}}}},"statementMap":{"1":{"start":{"line":16,"column":8},"end":{"line":16,"column":24}},"2":{"start":{"line":20,"column":8},"end":{"line":20,"column":33}},"3":{"start":{"line":24,"column":8},"end":{"line":24,"column":16}},"4":{"start":{"line":33,"column":8},"end":{"line":33,"column":35}},"5":{"start":{"line":42,"column":8},"end":{"line":42,"column":35}}},"branchMap":{}},"contracts/XMNFT.sol":{"l":{"13":24,"14":24,"16":24,"17":24},"path":"/Users/payne/Documents/GitHub/solidity_project/net-auction-market/contracts/XMNFT.sol","s":{"1":24,"2":24,"3":24},"b":{"1":[24,1]},"f":{"1":24,"2":24},"fnMap":{"1":{"name":"constructor","line":10,"loc":{"start":{"line":10,"column":4},"end":{"line":10,"column":64}}},"2":{"name":"mint","line":12,"loc":{"start":{"line":12,"column":4},"end":{"line":18,"column":4}}}},"statementMap":{"1":{"start":{"line":13,"column":8},"end":{"line":13,"column":38}},"2":{"start":{"line":16,"column":8},"end":{"line":16,"column":29}},"3":{"start":{"line":17,"column":8},"end":{"line":17,"column":22}}},"branchMap":{"1":{"line":12,"type":"if","locations":[{"start":{"line":12,"column":39},"end":{"line":12,"column":39}},{"start":{"line":12,"column":39},"end":{"line":12,"column":39}}]}}}}